[
 {
  "Error": {
   "Message": "ERRORED! Got Exception (if any): ERROR: Bot #0: Timeout reading commands for bot; select() result: 0 (max time: 2000 milliseconds).\nNo input received from bot.; Response received (if any): ",
   "Turn": 1
  },
  "Frames": [
   {
    "Time": 3,
    "Turn": 0
   },
   null
  ],
  "PlayerID": 0,
  "PlayerName": "nwtnni"
 },
 {
  "Error": {},
  "Frames": [
   {
    "Time": 2,
    "Turn": 0
   },
   {
    "Commands": [
     {
      "angle": 279,
      "magnitude": 7,
      "owner": 1,
      "queue_number": 0,
      "shipId": 5,
      "type": "thrust"
     },
     {
      "angle": 260,
      "magnitude": 7,
      "owner": 1,
      "queue_number": 0,
      "shipId": 4,
      "type": "thrust"
     },
     {
      "angle": 261,
      "magnitude": 7,
      "owner": 1,
      "queue_number": 0,
      "shipId": 3,
      "type": "thrust"
     }
    ],
    "Planets": null,
    "Ships": [
     {
      "cooldown": 0,
      "docking": {
       "status": "undocked"
      },
      "health": 255,
      "id": 5,
      "owner": 1,
      "vel_x": 0.0,
      "vel_y": 0.0,
      "x": 181.09504125528161,
      "y": 176.08618161583405
     },
     {
      "cooldown": 0,
      "docking": {
       "status": "undocked"
      },
      "health": 255,
      "id": 4,
      "owner": 1,
      "vel_x": 0.0,
      "vel_y": 0.0,
      "x": 178.78446275633149,
      "y": 170.10634572891453
     },
     {
      "cooldown": 0,
      "docking": {
       "status": "undocked"
      },
      "health": 255,
      "id": 3,
      "owner": 1,
      "vel_x": 0.0,
      "vel_y": 0.0,
      "x": 178.90495874471839,
      "y": 173.08618161583405
     }
    ],
    "Time": 3,
    "Turn": 1
   }
  ],
  "PlayerID": 1,
  "PlayerName": "nwtnni"
 }
]
