[
 {
  "Error": {
   "Message": "ERRORED! Got Exception (if any): ERROR: Bot #0: Received invalid character 'thread 'main' panicked at 'index out of bounds: the len is 5 but the index is 5', /checkout/src/liballoc/vec.rs:1555:10h'. (at character 2.)\nInput received from bot:\nthread 'main' panicked at 'index out of bounds: the len is 5 but the index is 5', /checkout/src/liballoc/vec.rs:1555:10\n ^; Response received (if any): thread 'main' panicked at 'index out of bounds: the len is 5 but the index is 5', /checkout/src/liballoc/vec.rs:1555:10note: Run with `RUST_BACKTRACE=1` for a backtrace.",
   "Turn": 1
  },
  "Frames": [
   {
    "Time": 1,
    "Turn": 0
   },
   {
    "Time": 0
   }
  ],
  "PlayerID": 0,
  "PlayerName": "nwtnni"
 },
 {
  "Error": {},
  "Frames": [
   {
    "Time": 2,
    "Turn": 0
   },
   {
    "Commands": [
     {
      "angle": 174,
      "magnitude": 7,
      "owner": 1,
      "queue_number": 0,
      "shipId": 5,
      "type": "thrust"
     },
     {
      "angle": 169,
      "magnitude": 7,
      "owner": 1,
      "queue_number": 0,
      "shipId": 4,
      "type": "thrust"
     },
     {
      "angle": 172,
      "magnitude": 7,
      "owner": 1,
      "queue_number": 0,
      "shipId": 3,
      "type": "thrust"
     }
    ],
    "Planets": null,
    "Ships": [
     {
      "cooldown": 0,
      "docking": {
       "status": "undocked"
      },
      "health": 255,
      "id": 5,
      "owner": 1,
      "vel_x": 0.0,
      "vel_y": 0.0,
      "x": 227.0383467324221,
      "y": 107.73169924287357
     },
     {
      "cooldown": 0,
      "docking": {
       "status": "undocked"
      },
      "health": 255,
      "id": 4,
      "owner": 1,
      "vel_x": 0.0,
      "vel_y": 0.0,
      "x": 227.12860971586636,
      "y": 102.33566296763581
     },
     {
      "cooldown": 0,
      "docking": {
       "status": "undocked"
      },
      "health": 255,
      "id": 3,
      "owner": 1,
      "vel_x": 0.0,
      "vel_y": 0.0,
      "x": 227.06812351880902,
      "y": 104.97421170672045
     }
    ],
    "Time": 0,
    "Turn": 1
   }
  ],
  "PlayerID": 1,
  "PlayerName": "nwtnni"
 }
]
