[
 {
  "Error": {
   "Message": "ERRORED! Got Exception (if any): ERROR: Bot #0: Received invalid character 'thread 'main' panicked at 'index out of bounds: the len is 5 but the index is 5', /checkout/src/liballoc/vec.rs:1555:10h'. (at character 2.)\nInput received from bot:\nthread 'main' panicked at 'index out of bounds: the len is 5 but the index is 5', /checkout/src/liballoc/vec.rs:1555:10\n ^; Response received (if any): thread 'main' panicked at 'index out of bounds: the len is 5 but the index is 5', /checkout/src/liballoc/vec.rs:1555:10note: Run with `RUST_BACKTRACE=1` for a backtrace.",
   "Turn": 1
  },
  "Frames": [
   {
    "Time": 3,
    "Turn": 0
   },
   {
    "Time": 4
   }
  ],
  "PlayerID": 0,
  "PlayerName": "nwtnni"
 },
 {
  "Error": {},
  "Frames": [
   {
    "Time": 3,
    "Turn": 0
   },
   {
    "Commands": [
     {
      "angle": 171,
      "magnitude": 7,
      "owner": 1,
      "queue_number": 0,
      "shipId": 5,
      "type": "thrust"
     },
     {
      "angle": 162,
      "magnitude": 7,
      "owner": 1,
      "queue_number": 0,
      "shipId": 4,
      "type": "thrust"
     },
     {
      "angle": 167,
      "magnitude": 7,
      "owner": 1,
      "queue_number": 0,
      "shipId": 3,
      "type": "thrust"
     }
    ],
    "Planets": null,
    "Ships": [
     {
      "cooldown": 0,
      "docking": {
       "status": "undocked"
      },
      "health": 255,
      "id": 5,
      "owner": 1,
      "vel_x": 0.0,
      "vel_y": 0.0,
      "x": 227.08618161583405,
      "y": 108.09504125528161
     },
     {
      "cooldown": 0,
      "docking": {
       "status": "undocked"
      },
      "health": 255,
      "id": 4,
      "owner": 1,
      "vel_x": 0.0,
      "vel_y": 0.0,
      "x": 227.34260438593392,
      "y": 103.16311896062463
     },
     {
      "cooldown": 0,
      "docking": {
       "status": "undocked"
      },
      "health": 255,
      "id": 3,
      "owner": 1,
      "vel_x": 0.0,
      "vel_y": 0.0,
      "x": 227.17940954650336,
      "y": 105.57465738040705
     }
    ],
    "Time": 4,
    "Turn": 1
   }
  ],
  "PlayerID": 1,
  "PlayerName": "nwtnni"
 }
]
