[
 {
  "Error": {
   "Message": "ERRORED! Got Exception (if any): ERROR: Bot #0: Received invalid character 'thread 'main' panicked at 'no entry found for key', /checkout/src/libcore/option.rs:819:4h'. (at character 2.)\nInput received from bot:\nthread 'main' panicked at 'no entry found for key', /checkout/src/libcore/option.rs:819:4\n ^; Response received (if any): thread 'main' panicked at 'no entry found for key', /checkout/src/libcore/option.rs:819:4note: Run with `RUST_BACKTRACE=1` for a backtrace.",
   "Turn": 24
  },
  "Frames": [
   {
    "Time": 3,
    "Turn": 0
   },
   {
    "Commands": [
     {
      "angle": 62,
      "magnitude": 7,
      "owner": 0,
      "queue_number": 0,
      "shipId": 2,
      "type": "thrust"
     },
     {
      "angle": 66,
      "magnitude": 7,
      "owner": 0,
      "queue_number": 0,
      "shipId": 1,
      "type": "thrust"
     },
     {
      "angle": 64,
      "magnitude": 7,
      "owner": 0,
      "queue_number": 0,
      "shipId": 0,
      "type": "thrust"
     }
    ],
    "Planets": null,
    "Ships": [
     {
      "cooldown": 0,
      "docking": {
       "status": "undocked"
      },
      "health": 255,
      "id": 2,
      "owner": 0,
      "vel_x": 0.0,
      "vel_y": 0.0,
      "x": 87.286300939501231,
      "y": 121.18063315001248
     },
     {
      "cooldown": 0,
      "docking": {
       "status": "undocked"
      },
      "health": 255,
      "id": 1,
      "owner": 0,
      "vel_x": 0.0,
      "vel_y": 0.0,
      "x": 86.847156501530606,
      "y": 115.3948182034982
     },
     {
      "cooldown": 0,
      "docking": {
       "status": "undocked"
      },
      "health": 255,
      "id": 0,
      "owner": 0,
      "vel_x": 0.0,
      "vel_y": 0.0,
      "x": 87.068598027523535,
      "y": 118.29155832409417
     }
    ],
    "Time": 0,
    "Turn": 1
   },
   {
    "Commands": [
     {
      "angle": 62,
      "magnitude": 7,
      "owner": 0,
      "queue_number": 0,
      "shipId": 2,
      "type": "thrust"
     },
     {
      "angle": 48,
      "magnitude": 7,
      "owner": 0,
      "queue_number": 0,
      "shipId": 1,
      "type": "thrust"
     },
     {
      "angle": 64,
      "magnitude": 7,
      "owner": 0,
      "queue_number": 0,
      "shipId": 0,
      "type": "thrust"
     }
    ],
    "Planets": null,
    "Ships": [
     {
      "cooldown": 0,
      "docking": {
       "status": "undocked"
      },
      "health": 255,
      "id": 2,
      "owner": 0,
      "vel_x": 0.0,
      "vel_y": 0.0,
      "x": 90.572601879002477,
      "y": 127.36126630002498
     },
     {
      "cooldown": 0,
      "docking": {
       "status": "undocked"
      },
      "health": 255,
      "id": 1,
      "owner": 0,
      "vel_x": 0.0,
      "vel_y": 0.0,
      "x": 91.531070746042616,
      "y": 120.59683198183997
     },
     {
      "cooldown": 0,
      "docking": {
       "status": "undocked"
      },
      "health": 255,
      "id": 0,
      "owner": 0,
      "vel_x": 0.0,
      "vel_y": 0.0,
      "x": 90.137196055047085,
      "y": 124.58311664818834
     }
    ],
    "Time": 0,
    "Turn": 2
   },
   {
    "Commands": [
     {
      "angle": 63,
      "magnitude": 7,
      "owner": 0,
      "queue_number": 0,
      "shipId": 2,
      "type": "thrust"
     },
     {
      "angle": 70,
      "magnitude": 7,
      "owner": 0,
      "queue_number": 0,
      "shipId": 1,
      "type": "thrust"
     },
     {
      "angle": 47,
      "magnitude": 7,
      "owner": 0,
      "queue_number": 0,
      "shipId": 0,
      "type": "thrust"
     }
    ],
    "Planets": null,
    "Ships": [
     {
      "cooldown": 0,
      "docking": {
       "status": "undocked"
      },
      "health": 255,
      "id": 2,
      "owner": 0,
      "vel_x": 0.0,
      "vel_y": 0.0,
      "x": 93.750535377179304,
      "y": 133.59831196934354
     },
     {
      "cooldown": 0,
      "docking": {
       "status": "undocked"
      },
      "health": 255,
      "id": 1,
      "owner": 0,
      "vel_x": 0.0,
      "vel_y": 0.0,
      "x": 93.925211749322287,
      "y": 127.17468032734132
     },
     {
      "cooldown": 0,
      "docking": {
       "status": "undocked"
      },
      "health": 255,
      "id": 0,
      "owner": 0,
      "vel_x": 0.0,
      "vel_y": 0.0,
      "x": 94.911184575484569,
      "y": 129.70259255952254
     }
    ],
    "Time": 0,
    "Turn": 3
   },
   {
    "Commands": [
     {
      "angle": 62,
      "magnitude": 7,
      "owner": 0,
      "queue_number": 0,
      "shipId": 2,
      "type": "thrust"
     },
     {
      "angle": 107,
      "magnitude": 7,
      "owner": 0,
      "queue_number": 0,
      "shipId": 1,
      "type": "thrust"
     },
     {
      "angle": 71,
      "magnitude": 7,
      "owner": 0,
      "queue_number": 0,
      "shipId": 0,
      "type": "thrust"
     }
    ],
    "Planets": null,
    "Ships": [
     {
      "cooldown": 0,
      "docking": {
       "status": "undocked"
      },
      "health": 255,
      "id": 2,
      "owner": 0,
      "vel_x": 0.0,
      "vel_y": 0.0,
      "x": 97.036836316680535,
      "y": 139.77894511935602
     },
     {
      "cooldown": 0,
      "docking": {
       "status": "undocked"
      },
      "health": 255,
      "id": 1,
      "owner": 0,
      "vel_x": 0.0,
      "vel_y": 0.0,
      "x": 91.878609816263136,
      "y": 133.86881361908257
     },
     {
      "cooldown": 0,
      "docking": {
       "status": "undocked"
      },
      "health": 255,
      "id": 0,
      "owner": 0,
      "vel_x": 0.0,
      "vel_y": 0.0,
      "x": 97.190161656684666,
      "y": 136.32122258871775
     }
    ],
    "Time": 0,
    "Turn": 4
   },
   {
    "Commands": [
     {
      "owner": 0,
      "planet_id": 4,
      "queue_number": 0,
      "shipId": 2,
      "type": "dock"
     },
     {
      "angle": 55,
      "magnitude": 7,
      "owner": 0,
      "queue_number": 0,
      "shipId": 1,
      "type": "thrust"
     },
     {
      "angle": 71,
      "magnitude": 4,
      "owner": 0,
      "queue_number": 0,
      "shipId": 0,
      "type": "thrust"
     }
    ],
    "Planets": [
     {
      "current_production": 0,
      "docked_ships": [
       2
      ],
      "health": 1052,
      "id": 4,
      "owner": 0,
      "remaining_production": 594
     }
    ],
    "Ships": [
     {
      "cooldown": 0,
      "docking": {
       "planet_id": 4,
       "status": "docking",
       "turns_left": 5
      },
      "health": 255,
      "id": 2,
      "owner": 0,
      "vel_x": 0.0,
      "vel_y": 0.0,
      "x": 97.036836316680535,
      "y": 139.77894511935602
     },
     {
      "cooldown": 0,
      "docking": {
       "status": "undocked"
      },
      "health": 255,
      "id": 1,
      "owner": 0,
      "vel_x": 0.0,
      "vel_y": 0.0,
      "x": 95.893644870720451,
      "y": 139.60287792910552
     },
     {
      "cooldown": 0,
      "docking": {
       "status": "undocked"
      },
      "health": 255,
      "id": 0,
      "owner": 0,
      "vel_x": 0.0,
      "vel_y": 0.0,
      "x": 98.4924342745133,
      "y": 140.10329689111501
     }
    ],
    "Time": 0,
    "Turn": 5
   },
   {
    "Commands": [
     {
      "angle": 75,
      "magnitude": 1,
      "owner": 0,
      "queue_number": 0,
      "shipId": 1,
      "type": "thrust"
     },
     {
      "owner": 0,
      "planet_id": 4,
      "queue_number": 0,
      "shipId": 0,
      "type": "dock"
     }
    ],
    "Planets": [
     {
      "current_production": 0,
      "docked_ships": [
       2,
       0
      ],
      "health": 1052,
      "id": 4,
      "owner": 0,
      "remaining_production": 594
     }
    ],
    "Ships": [
     {
      "cooldown": 0,
      "docking": {
       "planet_id": 4,
       "status": "docking",
       "turns_left": 4
      },
      "health": 255,
      "id": 2,
      "owner": 0,
      "vel_x": 0.0,
      "vel_y": 0.0,
      "x": 97.036836316680535,
      "y": 139.77894511935602
     },
     {
      "cooldown": 0,
      "docking": {
       "status": "undocked"
      },
      "health": 255,
      "id": 1,
      "owner": 0,
      "vel_x": 0.0,
      "vel_y": 0.0,
      "x": 96.152463915822977,
      "y": 140.56880375539458
     },
     {
      "cooldown": 0,
      "docking": {
       "planet_id": 4,
       "status": "docking",
       "turns_left": 5
      },
      "health": 255,
      "id": 0,
      "owner": 0,
      "vel_x": 0.0,
      "vel_y": 0.0,
      "x": 98.4924342745133,
      "y": 140.10329689111501
     }
    ],
    "Time": 0,
    "Turn": 6
   },
   {
    "Commands": [
     {
      "angle": 94,
      "magnitude": 5,
      "owner": 0,
      "queue_number": 0,
      "shipId": 1,
      "type": "thrust"
     }
    ],
    "Planets": [
     {
      "current_production": 0,
      "docked_ships": [
       2,
       0
      ],
      "health": 1052,
      "id": 4,
      "owner": 0,
      "remaining_production": 594
     }
    ],
    "Ships": [
     {
      "cooldown": 0,
      "docking": {
       "planet_id": 4,
       "status": "docking",
       "turns_left": 3
      },
      "health": 255,
      "id": 2,
      "owner": 0,
      "vel_x": 0.0,
      "vel_y": 0.0,
      "x": 97.036836316680535,
      "y": 139.77894511935602
     },
     {
      "cooldown": 0,
      "docking": {
       "status": "undocked"
      },
      "health": 255,
      "id": 1,
      "owner": 0,
      "vel_x": 0.0,
      "vel_y": 0.0,
      "x": 95.803681547102357,
      "y": 145.55662400669371
     },
     {
      "cooldown": 0,
      "docking": {
       "planet_id": 4,
       "status": "docking",
       "turns_left": 4
      },
      "health": 255,
      "id": 0,
      "owner": 0,
      "vel_x": 0.0,
      "vel_y": 0.0,
      "x": 98.4924342745133,
      "y": 140.10329689111501
     }
    ],
    "Time": 0,
    "Turn": 7
   },
   {
    "Commands": [
     {
      "angle": 89,
      "magnitude": 5,
      "owner": 0,
      "queue_number": 0,
      "shipId": 1,
      "type": "thrust"
     }
    ],
    "Planets": [
     {
      "current_production": 0,
      "docked_ships": [
       2,
       0
      ],
      "health": 1052,
      "id": 4,
      "owner": 0,
      "remaining_production": 594
     }
    ],
    "Ships": [
     {
      "cooldown": 0,
      "docking": {
       "planet_id": 4,
       "status": "docking",
       "turns_left": 2
      },
      "health": 255,
      "id": 2,
      "owner": 0,
      "vel_x": 0.0,
      "vel_y": 0.0,
      "x": 97.036836316680535,
      "y": 139.77894511935602
     },
     {
      "cooldown": 0,
      "docking": {
       "status": "undocked"
      },
      "health": 255,
      "id": 1,
      "owner": 0,
      "vel_x": 0.0,
      "vel_y": 0.0,
      "x": 95.890943579288773,
      "y": 150.55586248247565
     },
     {
      "cooldown": 0,
      "docking": {
       "planet_id": 4,
       "status": "docking",
       "turns_left": 3
      },
      "health": 255,
      "id": 0,
      "owner": 0,
      "vel_x": 0.0,
      "vel_y": 0.0,
      "x": 98.4924342745133,
      "y": 140.10329689111501
     }
    ],
    "Time": 0,
    "Turn": 8
   },
   {
    "Commands": [
     {
      "angle": 30,
      "magnitude": 7,
      "owner": 0,
      "queue_number": 0,
      "shipId": 1,
      "type": "thrust"
     }
    ],
    "Planets": [
     {
      "current_production": 0,
      "docked_ships": [
       2,
       0
      ],
      "health": 1052,
      "id": 4,
      "owner": 0,
      "remaining_production": 594
     }
    ],
    "Ships": [
     {
      "cooldown": 0,
      "docking": {
       "planet_id": 4,
       "status": "docking",
       "turns_left": 1
      },
      "health": 255,
      "id": 2,
      "owner": 0,
      "vel_x": 0.0,
      "vel_y": 0.0,
      "x": 97.036836316680535,
      "y": 139.77894511935602
     },
     {
      "cooldown": 0,
      "docking": {
       "status": "undocked"
      },
      "health": 255,
      "id": 1,
      "owner": 0,
      "vel_x": 0.0,
      "vel_y": 0.0,
      "x": 101.95312140577984,
      "y": 154.05586248247565
     },
     {
      "cooldown": 0,
      "docking": {
       "planet_id": 4,
       "status": "docking",
       "turns_left": 2
      },
      "health": 255,
      "id": 0,
      "owner": 0,
      "vel_x": 0.0,
      "vel_y": 0.0,
      "x": 98.4924342745133,
      "y": 140.10329689111501
     }
    ],
    "Time": 0,
    "Turn": 9
   },
   {
    "Commands": [
     {
      "angle": 10,
      "magnitude": 7,
      "owner": 0,
      "queue_number": 0,
      "shipId": 1,
      "type": "thrust"
     }
    ],
    "Planets": [
     {
      "current_production": 6,
      "docked_ships": [
       2,
       0
      ],
      "health": 1052,
      "id": 4,
      "owner": 0,
      "remaining_production": 594
     }
    ],
    "Ships": [
     {
      "cooldown": 0,
      "docking": {
       "planet_id": 4,
       "status": "docked"
      },
      "health": 255,
      "id": 2,
      "owner": 0,
      "vel_x": 0.0,
      "vel_y": 0.0,
      "x": 97.036836316680535,
      "y": 139.77894511935602
     },
     {
      "cooldown": 0,
      "docking": {
       "status": "undocked"
      },
      "health": 255,
      "id": 1,
      "owner": 0,
      "vel_x": 0.0,
      "vel_y": 0.0,
      "x": 108.84677567686529,
      "y": 155.27139972614418
     },
     {
      "cooldown": 0,
      "docking": {
       "planet_id": 4,
       "status": "docking",
       "turns_left": 1
      },
      "health": 255,
      "id": 0,
      "owner": 0,
      "vel_x": 0.0,
      "vel_y": 0.0,
      "x": 98.4924342745133,
      "y": 140.10329689111501
     }
    ],
    "Time": 0,
    "Turn": 10
   },
   {
    "Commands": [
     {
      "angle": 10,
      "magnitude": 7,
      "owner": 0,
      "queue_number": 0,
      "shipId": 1,
      "type": "thrust"
     }
    ],
    "Planets": [
     {
      "current_production": 18,
      "docked_ships": [
       2,
       0
      ],
      "health": 1052,
      "id": 4,
      "owner": 0,
      "remaining_production": 594
     }
    ],
    "Ships": [
     {
      "cooldown": 0,
      "docking": {
       "planet_id": 4,
       "status": "docked"
      },
      "health": 255,
      "id": 2,
      "owner": 0,
      "vel_x": 0.0,
      "vel_y": 0.0,
      "x": 97.036836316680535,
      "y": 139.77894511935602
     },
     {
      "cooldown": 0,
      "docking": {
       "status": "undocked"
      },
      "health": 255,
      "id": 1,
      "owner": 0,
      "vel_x": 0.0,
      "vel_y": 0.0,
      "x": 115.74042994795074,
      "y": 156.48693696981269
     },
     {
      "cooldown": 0,
      "docking": {
       "planet_id": 4,
       "status": "docked"
      },
      "health": 255,
      "id": 0,
      "owner": 0,
      "vel_x": 0.0,
      "vel_y": 0.0,
      "x": 98.4924342745133,
      "y": 140.10329689111501
     }
    ],
    "Time": 0,
    "Turn": 11
   },
   {
    "Commands": [
     {
      "angle": 10,
      "magnitude": 7,
      "owner": 0,
      "queue_number": 0,
      "shipId": 1,
      "type": "thrust"
     }
    ],
    "Planets": [
     {
      "current_production": 30,
      "docked_ships": [
       2,
       0
      ],
      "health": 1052,
      "id": 4,
      "owner": 0,
      "remaining_production": 594
     }
    ],
    "Ships": [
     {
      "cooldown": 0,
      "docking": {
       "planet_id": 4,
       "status": "docked"
      },
      "health": 255,
      "id": 2,
      "owner": 0,
      "vel_x": 0.0,
      "vel_y": 0.0,
      "x": 97.036836316680535,
      "y": 139.77894511935602
     },
     {
      "cooldown": 0,
      "docking": {
       "status": "undocked"
      },
      "health": 255,
      "id": 1,
      "owner": 0,
      "vel_x": 0.0,
      "vel_y": 0.0,
      "x": 122.63408421903621,
      "y": 157.7024742134812
     },
     {
      "cooldown": 0,
      "docking": {
       "planet_id": 4,
       "status": "docked"
      },
      "health": 255,
      "id": 0,
      "owner": 0,
      "vel_x": 0.0,
      "vel_y": 0.0,
      "x": 98.4924342745133,
      "y": 140.10329689111501
     }
    ],
    "Time": 0,
    "Turn": 12
   },
   {
    "Commands": [
     {
      "angle": 9,
      "magnitude": 7,
      "owner": 0,
      "queue_number": 0,
      "shipId": 1,
      "type": "thrust"
     }
    ],
    "Planets": [
     {
      "current_production": 42,
      "docked_ships": [
       2,
       0
      ],
      "health": 1052,
      "id": 4,
      "owner": 0,
      "remaining_production": 594
     }
    ],
    "Ships": [
     {
      "cooldown": 0,
      "docking": {
       "planet_id": 4,
       "status": "docked"
      },
      "health": 255,
      "id": 2,
      "owner": 0,
      "vel_x": 0.0,
      "vel_y": 0.0,
      "x": 97.036836316680535,
      "y": 139.77894511935602
     },
     {
      "cooldown": 0,
      "docking": {
       "status": "undocked"
      },
      "health": 255,
      "id": 1,
      "owner": 0,
      "vel_x": 0.0,
      "vel_y": 0.0,
      "x": 129.54790260320217,
      "y": 158.79751546876281
     },
     {
      "cooldown": 0,
      "docking": {
       "planet_id": 4,
       "status": "docked"
      },
      "health": 255,
      "id": 0,
      "owner": 0,
      "vel_x": 0.0,
      "vel_y": 0.0,
      "x": 98.4924342745133,
      "y": 140.10329689111501
     }
    ],
    "Time": 0,
    "Turn": 13
   },
   {
    "Commands": [
     {
      "angle": 10,
      "magnitude": 7,
      "owner": 0,
      "queue_number": 0,
      "shipId": 1,
      "type": "thrust"
     }
    ],
    "Planets": [
     {
      "current_production": 54,
      "docked_ships": [
       2,
       0
      ],
      "health": 1052,
      "id": 4,
      "owner": 0,
      "remaining_production": 594
     }
    ],
    "Ships": [
     {
      "cooldown": 0,
      "docking": {
       "planet_id": 4,
       "status": "docked"
      },
      "health": 255,
      "id": 2,
      "owner": 0,
      "vel_x": 0.0,
      "vel_y": 0.0,
      "x": 97.036836316680535,
      "y": 139.77894511935602
     },
     {
      "cooldown": 0,
      "docking": {
       "status": "undocked"
      },
      "health": 255,
      "id": 1,
      "owner": 0,
      "vel_x": 0.0,
      "vel_y": 0.0,
      "x": 136.44155687428761,
      "y": 160.01305271243132
     },
     {
      "cooldown": 0,
      "docking": {
       "planet_id": 4,
       "status": "docked"
      },
      "health": 255,
      "id": 0,
      "owner": 0,
      "vel_x": 0.0,
      "vel_y": 0.0,
      "x": 98.4924342745133,
      "y": 140.10329689111501
     }
    ],
    "Time": 0,
    "Turn": 14
   },
   {
    "Commands": [
     {
      "angle": 9,
      "magnitude": 2,
      "owner": 0,
      "queue_number": 0,
      "shipId": 1,
      "type": "thrust"
     }
    ],
    "Planets": [
     {
      "current_production": 66,
      "docked_ships": [
       2,
       0
      ],
      "health": 1052,
      "id": 4,
      "owner": 0,
      "remaining_production": 594
     }
    ],
    "Ships": [
     {
      "cooldown": 0,
      "docking": {
       "planet_id": 4,
       "status": "docked"
      },
      "health": 255,
      "id": 2,
      "owner": 0,
      "vel_x": 0.0,
      "vel_y": 0.0,
      "x": 97.036836316680535,
      "y": 139.77894511935602
     },
     {
      "cooldown": 0,
      "docking": {
       "status": "undocked"
      },
      "health": 255,
      "id": 1,
      "owner": 0,
      "vel_x": 0.0,
      "vel_y": 0.0,
      "x": 138.4169335554779,
      "y": 160.32592164251179
     },
     {
      "cooldown": 0,
      "docking": {
       "planet_id": 4,
       "status": "docked"
      },
      "health": 255,
      "id": 0,
      "owner": 0,
      "vel_x": 0.0,
      "vel_y": 0.0,
      "x": 98.4924342745133,
      "y": 140.10329689111501
     }
    ],
    "Time": 0,
    "Turn": 15
   },
   {
    "Commands": [
     {
      "owner": 0,
      "planet_id": 12,
      "queue_number": 0,
      "shipId": 1,
      "type": "dock"
     }
    ],
    "Planets": [
     {
      "current_production": 6,
      "docked_ships": [
       2,
       0
      ],
      "health": 1052,
      "id": 4,
      "owner": 0,
      "remaining_production": 594
     },
     {
      "current_production": 0,
      "docked_ships": [
       1
      ],
      "health": 1830,
      "id": 12,
      "owner": 0,
      "remaining_production": 1033
     }
    ],
    "Ships": [
     {
      "cooldown": 0,
      "docking": {
       "planet_id": 4,
       "status": "docked"
      },
      "health": 255,
      "id": 2,
      "owner": 0,
      "vel_x": 0.0,
      "vel_y": 0.0,
      "x": 97.036836316680535,
      "y": 139.77894511935602
     },
     {
      "cooldown": 0,
      "docking": {
       "status": "undocked"
      },
      "health": 255,
      "id": 6,
      "owner": 0,
      "vel_x": 0.0,
      "vel_y": 0.0,
      "x": 105.76140321840779,
      "y": 142.05817552877144
     },
     {
      "cooldown": 0,
      "docking": {
       "planet_id": 12,
       "status": "docking",
       "turns_left": 5
      },
      "health": 255,
      "id": 1,
      "owner": 0,
      "vel_x": 0.0,
      "vel_y": 0.0,
      "x": 138.4169335554779,
      "y": 160.32592164251179
     },
     {
      "cooldown": 0,
      "docking": {
       "planet_id": 4,
       "status": "docked"
      },
      "health": 255,
      "id": 0,
      "owner": 0,
      "vel_x": 0.0,
      "vel_y": 0.0,
      "x": 98.4924342745133,
      "y": 140.10329689111501
     }
    ],
    "Time": 0,
    "Turn": 16
   },
   {
    "Commands": [
     {
      "angle": 25,
      "magnitude": 7,
      "owner": 0,
      "queue_number": 0,
      "shipId": 6,
      "type": "thrust"
     }
    ],
    "Planets": [
     {
      "current_production": 18,
      "docked_ships": [
       2,
       0
      ],
      "health": 1052,
      "id": 4,
      "owner": 0,
      "remaining_production": 594
     },
     {
      "current_production": 0,
      "docked_ships": [
       1
      ],
      "health": 1830,
      "id": 12,
      "owner": 0,
      "remaining_production": 1033
     }
    ],
    "Ships": [
     {
      "cooldown": 0,
      "docking": {
       "planet_id": 4,
       "status": "docked"
      },
      "health": 255,
      "id": 2,
      "owner": 0,
      "vel_x": 0.0,
      "vel_y": 0.0,
      "x": 97.036836316680535,
      "y": 139.77894511935602
     },
     {
      "cooldown": 0,
      "docking": {
       "status": "undocked"
      },
      "health": 255,
      "id": 6,
      "owner": 0,
      "vel_x": 0.0,
      "vel_y": 0.0,
      "x": 112.10555772766435,
      "y": 145.01650336095634
     },
     {
      "cooldown": 0,
      "docking": {
       "planet_id": 12,
       "status": "docking",
       "turns_left": 4
      },
      "health": 255,
      "id": 1,
      "owner": 0,
      "vel_x": 0.0,
      "vel_y": 0.0,
      "x": 138.4169335554779,
      "y": 160.32592164251179
     },
     {
      "cooldown": 0,
      "docking": {
       "planet_id": 4,
       "status": "docked"
      },
      "health": 255,
      "id": 0,
      "owner": 0,
      "vel_x": 0.0,
      "vel_y": 0.0,
      "x": 98.4924342745133,
      "y": 140.10329689111501
     }
    ],
    "Time": 0,
    "Turn": 17
   },
   {
    "Commands": [
     {
      "angle": 25,
      "magnitude": 7,
      "owner": 0,
      "queue_number": 0,
      "shipId": 6,
      "type": "thrust"
     }
    ],
    "Planets": [
     {
      "current_production": 30,
      "docked_ships": [
       2,
       0
      ],
      "health": 1052,
      "id": 4,
      "owner": 0,
      "remaining_production": 594
     },
     {
      "current_production": 0,
      "docked_ships": [
       1
      ],
      "health": 1830,
      "id": 12,
      "owner": 0,
      "remaining_production": 1033
     }
    ],
    "Ships": [
     {
      "cooldown": 0,
      "docking": {
       "planet_id": 4,
       "status": "docked"
      },
      "health": 255,
      "id": 2,
      "owner": 0,
      "vel_x": 0.0,
      "vel_y": 0.0,
      "x": 97.036836316680535,
      "y": 139.77894511935602
     },
     {
      "cooldown": 0,
      "docking": {
       "status": "undocked"
      },
      "health": 255,
      "id": 6,
      "owner": 0,
      "vel_x": 0.0,
      "vel_y": 0.0,
      "x": 118.44971223692089,
      "y": 147.97483119314123
     },
     {
      "cooldown": 0,
      "docking": {
       "planet_id": 12,
       "status": "docking",
       "turns_left": 3
      },
      "health": 255,
      "id": 1,
      "owner": 0,
      "vel_x": 0.0,
      "vel_y": 0.0,
      "x": 138.4169335554779,
      "y": 160.32592164251179
     },
     {
      "cooldown": 0,
      "docking": {
       "planet_id": 4,
       "status": "docked"
      },
      "health": 255,
      "id": 0,
      "owner": 0,
      "vel_x": 0.0,
      "vel_y": 0.0,
      "x": 98.4924342745133,
      "y": 140.10329689111501
     }
    ],
    "Time": 0,
    "Turn": 18
   },
   {
    "Commands": [
     {
      "angle": 25,
      "magnitude": 7,
      "owner": 0,
      "queue_number": 0,
      "shipId": 6,
      "type": "thrust"
     }
    ],
    "Planets": [
     {
      "current_production": 42,
      "docked_ships": [
       2,
       0
      ],
      "health": 1052,
      "id": 4,
      "owner": 0,
      "remaining_production": 594
     },
     {
      "current_production": 0,
      "docked_ships": [
       1
      ],
      "health": 1830,
      "id": 12,
      "owner": 0,
      "remaining_production": 1033
     }
    ],
    "Ships": [
     {
      "cooldown": 0,
      "docking": {
       "planet_id": 4,
       "status": "docked"
      },
      "health": 255,
      "id": 2,
      "owner": 0,
      "vel_x": 0.0,
      "vel_y": 0.0,
      "x": 97.036836316680535,
      "y": 139.77894511935602
     },
     {
      "cooldown": 0,
      "docking": {
       "status": "undocked"
      },
      "health": 255,
      "id": 6,
      "owner": 0,
      "vel_x": 0.0,
      "vel_y": 0.0,
      "x": 124.79386674617744,
      "y": 150.93315902532612
     },
     {
      "cooldown": 0,
      "docking": {
       "planet_id": 12,
       "status": "docking",
       "turns_left": 2
      },
      "health": 255,
      "id": 1,
      "owner": 0,
      "vel_x": 0.0,
      "vel_y": 0.0,
      "x": 138.4169335554779,
      "y": 160.32592164251179
     },
     {
      "cooldown": 0,
      "docking": {
       "planet_id": 4,
       "status": "docked"
      },
      "health": 255,
      "id": 0,
      "owner": 0,
      "vel_x": 0.0,
      "vel_y": 0.0,
      "x": 98.4924342745133,
      "y": 140.10329689111501
     }
    ],
    "Time": 0,
    "Turn": 19
   },
   {
    "Commands": [
     {
      "angle": 25,
      "magnitude": 7,
      "owner": 0,
      "queue_number": 0,
      "shipId": 6,
      "type": "thrust"
     }
    ],
    "Planets": [
     {
      "current_production": 54,
      "docked_ships": [
       2,
       0
      ],
      "health": 1052,
      "id": 4,
      "owner": 0,
      "remaining_production": 594
     },
     {
      "current_production": 0,
      "docked_ships": [
       1
      ],
      "health": 1830,
      "id": 12,
      "owner": 0,
      "remaining_production": 1033
     }
    ],
    "Ships": [
     {
      "cooldown": 0,
      "docking": {
       "planet_id": 4,
       "status": "docked"
      },
      "health": 255,
      "id": 2,
      "owner": 0,
      "vel_x": 0.0,
      "vel_y": 0.0,
      "x": 97.036836316680535,
      "y": 139.77894511935602
     },
     {
      "cooldown": 0,
      "docking": {
       "status": "undocked"
      },
      "health": 255,
      "id": 6,
      "owner": 0,
      "vel_x": 0.0,
      "vel_y": 0.0,
      "x": 131.13802125543398,
      "y": 153.89148685751101
     },
     {
      "cooldown": 0,
      "docking": {
       "planet_id": 12,
       "status": "docking",
       "turns_left": 1
      },
      "health": 255,
      "id": 1,
      "owner": 0,
      "vel_x": 0.0,
      "vel_y": 0.0,
      "x": 138.4169335554779,
      "y": 160.32592164251179
     },
     {
      "cooldown": 0,
      "docking": {
       "planet_id": 4,
       "status": "docked"
      },
      "health": 255,
      "id": 0,
      "owner": 0,
      "vel_x": 0.0,
      "vel_y": 0.0,
      "x": 98.4924342745133,
      "y": 140.10329689111501
     }
    ],
    "Time": 0,
    "Turn": 20
   },
   {
    "Commands": [
     {
      "angle": 24,
      "magnitude": 7,
      "owner": 0,
      "queue_number": 0,
      "shipId": 6,
      "type": "thrust"
     }
    ],
    "Planets": [
     {
      "current_production": 66,
      "docked_ships": [
       2,
       0
      ],
      "health": 1052,
      "id": 4,
      "owner": 0,
      "remaining_production": 594
     },
     {
      "current_production": 6,
      "docked_ships": [
       1
      ],
      "health": 1830,
      "id": 12,
      "owner": 0,
      "remaining_production": 1033
     }
    ],
    "Ships": [
     {
      "cooldown": 0,
      "docking": {
       "planet_id": 4,
       "status": "docked"
      },
      "health": 255,
      "id": 2,
      "owner": 0,
      "vel_x": 0.0,
      "vel_y": 0.0,
      "x": 97.036836316680535,
      "y": 139.77894511935602
     },
     {
      "cooldown": 0,
      "docking": {
       "status": "undocked"
      },
      "health": 255,
      "id": 6,
      "owner": 0,
      "vel_x": 0.0,
      "vel_y": 0.0,
      "x": 137.53283945893219,
      "y": 156.73864335904162
     },
     {
      "cooldown": 0,
      "docking": {
       "planet_id": 12,
       "status": "docked"
      },
      "health": 255,
      "id": 1,
      "owner": 0,
      "vel_x": 0.0,
      "vel_y": 0.0,
      "x": 138.4169335554779,
      "y": 160.32592164251179
     },
     {
      "cooldown": 0,
      "docking": {
       "planet_id": 4,
       "status": "docked"
      },
      "health": 255,
      "id": 0,
      "owner": 0,
      "vel_x": 0.0,
      "vel_y": 0.0,
      "x": 98.4924342745133,
      "y": 140.10329689111501
     }
    ],
    "Time": 0,
    "Turn": 21
   },
   {
    "Commands": [
     {
      "angle": 26,
      "magnitude": 2,
      "owner": 0,
      "queue_number": 0,
      "shipId": 6,
      "type": "thrust"
     }
    ],
    "Planets": [
     {
      "current_production": 6,
      "docked_ships": [
       2,
       0
      ],
      "health": 1052,
      "id": 4,
      "owner": 0,
      "remaining_production": 594
     },
     {
      "current_production": 12,
      "docked_ships": [
       1
      ],
      "health": 1830,
      "id": 12,
      "owner": 0,
      "remaining_production": 1033
     }
    ],
    "Ships": [
     {
      "cooldown": 0,
      "docking": {
       "status": "undocked"
      },
      "health": 255,
      "id": 8,
      "owner": 0,
      "vel_x": 0.0,
      "vel_y": 0.0,
      "x": 105.76140321840779,
      "y": 142.05817552877144
     },
     {
      "cooldown": 0,
      "docking": {
       "planet_id": 4,
       "status": "docked"
      },
      "health": 255,
      "id": 0,
      "owner": 0,
      "vel_x": 0.0,
      "vel_y": 0.0,
      "x": 98.4924342745133,
      "y": 140.10329689111501
     },
     {
      "cooldown": 0,
      "docking": {
       "planet_id": 12,
       "status": "docked"
      },
      "health": 255,
      "id": 1,
      "owner": 0,
      "vel_x": 0.0,
      "vel_y": 0.0,
      "x": 138.4169335554779,
      "y": 160.32592164251179
     },
     {
      "cooldown": 0,
      "docking": {
       "status": "undocked"
      },
      "health": 255,
      "id": 6,
      "owner": 0,
      "vel_x": 0.0,
      "vel_y": 0.0,
      "x": 139.33042755153053,
      "y": 157.61538565261978
     },
     {
      "cooldown": 0,
      "docking": {
       "planet_id": 4,
       "status": "docked"
      },
      "health": 255,
      "id": 2,
      "owner": 0,
      "vel_x": 0.0,
      "vel_y": 0.0,
      "x": 97.036836316680535,
      "y": 139.77894511935602
     }
    ],
    "Time": 0,
    "Turn": 22
   },
   {
    "Commands": [
     {
      "angle": 25,
      "magnitude": 7,
      "owner": 0,
      "queue_number": 0,
      "shipId": 8,
      "type": "thrust"
     },
     {
      "owner": 0,
      "planet_id": 12,
      "queue_number": 0,
      "shipId": 6,
      "type": "dock"
     }
    ],
    "Planets": [
     {
      "current_production": 18,
      "docked_ships": [
       2,
       0
      ],
      "health": 1052,
      "id": 4,
      "owner": 0,
      "remaining_production": 594
     },
     {
      "current_production": 18,
      "docked_ships": [
       1,
       6
      ],
      "health": 1830,
      "id": 12,
      "owner": 0,
      "remaining_production": 1033
     }
    ],
    "Ships": [
     {
      "cooldown": 0,
      "docking": {
       "status": "undocked"
      },
      "health": 255,
      "id": 8,
      "owner": 0,
      "vel_x": 0.0,
      "vel_y": 0.0,
      "x": 112.10555772766435,
      "y": 145.01650336095634
     },
     {
      "cooldown": 0,
      "docking": {
       "planet_id": 4,
       "status": "docked"
      },
      "health": 255,
      "id": 0,
      "owner": 0,
      "vel_x": 0.0,
      "vel_y": 0.0,
      "x": 98.4924342745133,
      "y": 140.10329689111501
     },
     {
      "cooldown": 0,
      "docking": {
       "planet_id": 12,
       "status": "docked"
      },
      "health": 255,
      "id": 1,
      "owner": 0,
      "vel_x": 0.0,
      "vel_y": 0.0,
      "x": 138.4169335554779,
      "y": 160.32592164251179
     },
     {
      "cooldown": 0,
      "docking": {
       "planet_id": 12,
       "status": "docking",
       "turns_left": 5
      },
      "health": 255,
      "id": 6,
      "owner": 0,
      "vel_x": 0.0,
      "vel_y": 0.0,
      "x": 139.33042755153053,
      "y": 157.61538565261978
     },
     {
      "cooldown": 0,
      "docking": {
       "planet_id": 4,
       "status": "docked"
      },
      "health": 255,
      "id": 2,
      "owner": 0,
      "vel_x": 0.0,
      "vel_y": 0.0,
      "x": 97.036836316680535,
      "y": 139.77894511935602
     }
    ],
    "Time": 0,
    "Turn": 23
   },
   {
    "Time": 0
   }
  ],
  "PlayerID": 0,
  "PlayerName": "nwtnni"
 },
 {
  "Error": {},
  "Frames": [
   {
    "Time": 4,
    "Turn": 0
   },
   {
    "Commands": [
     {
      "angle": 175,
      "magnitude": 7,
      "owner": 1,
      "queue_number": 0,
      "shipId": 5,
      "type": "thrust"
     },
     {
      "angle": 171,
      "magnitude": 7,
      "owner": 1,
      "queue_number": 0,
      "shipId": 4,
      "type": "thrust"
     },
     {
      "angle": 173,
      "magnitude": 7,
      "owner": 1,
      "queue_number": 0,
      "shipId": 3,
      "type": "thrust"
     }
    ],
    "Planets": null,
    "Ships": [
     {
      "cooldown": 0,
      "docking": {
       "status": "undocked"
      },
      "health": 255,
      "id": 5,
      "owner": 1,
      "vel_x": 0.0,
      "vel_y": 0.0,
      "x": 245.02663711335779,
      "y": 115.61009019923361
     },
     {
      "cooldown": 0,
      "docking": {
       "status": "undocked"
      },
      "health": 255,
      "id": 4,
      "owner": 1,
      "vel_x": 0.0,
      "vel_y": 0.0,
      "x": 245.08618161583405,
      "y": 110.09504125528161
     },
     {
      "cooldown": 0,
      "docking": {
       "status": "undocked"
      },
      "health": 255,
      "id": 3,
      "owner": 1,
      "vel_x": 0.0,
      "vel_y": 0.0,
      "x": 245.05217693851074,
      "y": 112.85308540383603
     }
    ],
    "Time": 4,
    "Turn": 1
   },
   {
    "Commands": [
     {
      "angle": 175,
      "magnitude": 7,
      "owner": 1,
      "queue_number": 0,
      "shipId": 5,
      "type": "thrust"
     },
     {
      "angle": 171,
      "magnitude": 7,
      "owner": 1,
      "queue_number": 0,
      "shipId": 4,
      "type": "thrust"
     },
     {
      "angle": 173,
      "magnitude": 7,
      "owner": 1,
      "queue_number": 0,
      "shipId": 3,
      "type": "thrust"
     }
    ],
    "Planets": null,
    "Ships": [
     {
      "cooldown": 0,
      "docking": {
       "status": "undocked"
      },
      "health": 255,
      "id": 5,
      "owner": 1,
      "vel_x": 0.0,
      "vel_y": 0.0,
      "x": 238.05327422671556,
      "y": 116.22018039846722
     },
     {
      "cooldown": 0,
      "docking": {
       "status": "undocked"
      },
      "health": 255,
      "id": 4,
      "owner": 1,
      "vel_x": 0.0,
      "vel_y": 0.0,
      "x": 238.17236323166807,
      "y": 111.19008251056323
     },
     {
      "cooldown": 0,
      "docking": {
       "status": "undocked"
      },
      "health": 255,
      "id": 3,
      "owner": 1,
      "vel_x": 0.0,
      "vel_y": 0.0,
      "x": 238.10435387702148,
      "y": 113.70617080767207
     }
    ],
    "Time": 4,
    "Turn": 2
   },
   {
    "Commands": [
     {
      "angle": 175,
      "magnitude": 7,
      "owner": 1,
      "queue_number": 0,
      "shipId": 5,
      "type": "thrust"
     },
     {
      "angle": 170,
      "magnitude": 7,
      "owner": 1,
      "queue_number": 0,
      "shipId": 4,
      "type": "thrust"
     },
     {
      "angle": 173,
      "magnitude": 7,
      "owner": 1,
      "queue_number": 0,
      "shipId": 3,
      "type": "thrust"
     }
    ],
    "Planets": null,
    "Ships": [
     {
      "cooldown": 0,
      "docking": {
       "status": "undocked"
      },
      "health": 255,
      "id": 5,
      "owner": 1,
      "vel_x": 0.0,
      "vel_y": 0.0,
      "x": 231.07991134007335,
      "y": 116.83027059770083
     },
     {
      "cooldown": 0,
      "docking": {
       "status": "undocked"
      },
      "health": 255,
      "id": 4,
      "owner": 1,
      "vel_x": 0.0,
      "vel_y": 0.0,
      "x": 231.27870896058261,
      "y": 112.40561975423175
     },
     {
      "cooldown": 0,
      "docking": {
       "status": "undocked"
      },
      "health": 255,
      "id": 3,
      "owner": 1,
      "vel_x": 0.0,
      "vel_y": 0.0,
      "x": 231.15653081553225,
      "y": 114.5592562115081
     }
    ],
    "Time": 3,
    "Turn": 3
   },
   {
    "Commands": [
     {
      "angle": 175,
      "magnitude": 7,
      "owner": 1,
      "queue_number": 0,
      "shipId": 5,
      "type": "thrust"
     },
     {
      "angle": 171,
      "magnitude": 7,
      "owner": 1,
      "queue_number": 0,
      "shipId": 4,
      "type": "thrust"
     },
     {
      "angle": 173,
      "magnitude": 7,
      "owner": 1,
      "queue_number": 0,
      "shipId": 3,
      "type": "thrust"
     }
    ],
    "Planets": null,
    "Ships": [
     {
      "cooldown": 0,
      "docking": {
       "status": "undocked"
      },
      "health": 255,
      "id": 5,
      "owner": 1,
      "vel_x": 0.0,
      "vel_y": 0.0,
      "x": 224.10654845343112,
      "y": 117.44036079693444
     },
     {
      "cooldown": 0,
      "docking": {
       "status": "undocked"
      },
      "health": 255,
      "id": 4,
      "owner": 1,
      "vel_x": 0.0,
      "vel_y": 0.0,
      "x": 224.36489057641666,
      "y": 113.50066100951337
     },
     {
      "cooldown": 0,
      "docking": {
       "status": "undocked"
      },
      "health": 255,
      "id": 3,
      "owner": 1,
      "vel_x": 0.0,
      "vel_y": 0.0,
      "x": 224.20870775404299,
      "y": 115.41234161534413
     }
    ],
    "Time": 3,
    "Turn": 4
   },
   {
    "Commands": [
     {
      "angle": 175,
      "magnitude": 7,
      "owner": 1,
      "queue_number": 0,
      "shipId": 5,
      "type": "thrust"
     },
     {
      "angle": 170,
      "magnitude": 7,
      "owner": 1,
      "queue_number": 0,
      "shipId": 4,
      "type": "thrust"
     },
     {
      "angle": 173,
      "magnitude": 7,
      "owner": 1,
      "queue_number": 0,
      "shipId": 3,
      "type": "thrust"
     }
    ],
    "Planets": null,
    "Ships": [
     {
      "cooldown": 0,
      "docking": {
       "status": "undocked"
      },
      "health": 255,
      "id": 5,
      "owner": 1,
      "vel_x": 0.0,
      "vel_y": 0.0,
      "x": 217.13318556678891,
      "y": 118.05045099616805
     },
     {
      "cooldown": 0,
      "docking": {
       "status": "undocked"
      },
      "health": 255,
      "id": 4,
      "owner": 1,
      "vel_x": 0.0,
      "vel_y": 0.0,
      "x": 217.47123630533119,
      "y": 114.71619825318187
     },
     {
      "cooldown": 0,
      "docking": {
       "status": "undocked"
      },
      "health": 255,
      "id": 3,
      "owner": 1,
      "vel_x": 0.0,
      "vel_y": 0.0,
      "x": 217.26088469255373,
      "y": 116.26542701918017
     }
    ],
    "Time": 3,
    "Turn": 5
   },
   {
    "Commands": [
     {
      "angle": 175,
      "magnitude": 7,
      "owner": 1,
      "queue_number": 0,
      "shipId": 5,
      "type": "thrust"
     },
     {
      "angle": 171,
      "magnitude": 7,
      "owner": 1,
      "queue_number": 0,
      "shipId": 4,
      "type": "thrust"
     },
     {
      "angle": 173,
      "magnitude": 7,
      "owner": 1,
      "queue_number": 0,
      "shipId": 3,
      "type": "thrust"
     }
    ],
    "Planets": null,
    "Ships": [
     {
      "cooldown": 0,
      "docking": {
       "status": "undocked"
      },
      "health": 255,
      "id": 5,
      "owner": 1,
      "vel_x": 0.0,
      "vel_y": 0.0,
      "x": 210.1598226801467,
      "y": 118.66054119540166
     },
     {
      "cooldown": 0,
      "docking": {
       "status": "undocked"
      },
      "health": 255,
      "id": 4,
      "owner": 1,
      "vel_x": 0.0,
      "vel_y": 0.0,
      "x": 210.55741792116524,
      "y": 115.81123950846349
     },
     {
      "cooldown": 0,
      "docking": {
       "status": "undocked"
      },
      "health": 255,
      "id": 3,
      "owner": 1,
      "vel_x": 0.0,
      "vel_y": 0.0,
      "x": 210.31306163106447,
      "y": 117.1185124230162
     }
    ],
    "Time": 3,
    "Turn": 6
   },
   {
    "Commands": [
     {
      "angle": 176,
      "magnitude": 7,
      "owner": 1,
      "queue_number": 0,
      "shipId": 5,
      "type": "thrust"
     },
     {
      "angle": 188,
      "magnitude": 7,
      "owner": 1,
      "queue_number": 0,
      "shipId": 4,
      "type": "thrust"
     },
     {
      "angle": 173,
      "magnitude": 7,
      "owner": 1,
      "queue_number": 0,
      "shipId": 3,
      "type": "thrust"
     }
    ],
    "Planets": null,
    "Ships": [
     {
      "cooldown": 0,
      "docking": {
       "status": "undocked"
      },
      "health": 255,
      "id": 5,
      "owner": 1,
      "vel_x": 0.0,
      "vel_y": 0.0,
      "x": 203.17687432832793,
      "y": 119.14883651161054
     },
     {
      "cooldown": 0,
      "docking": {
       "status": "undocked"
      },
      "health": 255,
      "id": 4,
      "owner": 1,
      "vel_x": 0.0,
      "vel_y": 0.0,
      "x": 203.62554143997423,
      "y": 114.83702780174303
     },
     {
      "cooldown": 0,
      "docking": {
       "status": "undocked"
      },
      "health": 255,
      "id": 3,
      "owner": 1,
      "vel_x": 0.0,
      "vel_y": 0.0,
      "x": 203.36523856957521,
      "y": 117.97159782685223
     }
    ],
    "Time": 4,
    "Turn": 7
   },
   {
    "Commands": [
     {
      "angle": 175,
      "magnitude": 7,
      "owner": 1,
      "queue_number": 0,
      "shipId": 5,
      "type": "thrust"
     },
     {
      "angle": 184,
      "magnitude": 7,
      "owner": 1,
      "queue_number": 0,
      "shipId": 4,
      "type": "thrust"
     },
     {
      "angle": 190,
      "magnitude": 7,
      "owner": 1,
      "queue_number": 0,
      "shipId": 3,
      "type": "thrust"
     }
    ],
    "Planets": null,
    "Ships": [
     {
      "cooldown": 0,
      "docking": {
       "status": "undocked"
      },
      "health": 255,
      "id": 5,
      "owner": 1,
      "vel_x": 0.0,
      "vel_y": 0.0,
      "x": 196.20351144168569,
      "y": 119.75892671084415
     },
     {
      "cooldown": 0,
      "docking": {
       "status": "undocked"
      },
      "health": 255,
      "id": 4,
      "owner": 1,
      "vel_x": 0.0,
      "vel_y": 0.0,
      "x": 196.64259308815548,
      "y": 114.34873248553416
     },
     {
      "cooldown": 0,
      "docking": {
       "status": "undocked"
      },
      "health": 255,
      "id": 3,
      "owner": 1,
      "vel_x": 0.0,
      "vel_y": 0.0,
      "x": 196.47158429848977,
      "y": 116.75606058318371
     }
    ],
    "Time": 4,
    "Turn": 8
   },
   {
    "Commands": [
     {
      "angle": 176,
      "magnitude": 7,
      "owner": 1,
      "queue_number": 0,
      "shipId": 5,
      "type": "thrust"
     },
     {
      "angle": 160,
      "magnitude": 7,
      "owner": 1,
      "queue_number": 0,
      "shipId": 4,
      "type": "thrust"
     },
     {
      "angle": 166,
      "magnitude": 7,
      "owner": 1,
      "queue_number": 0,
      "shipId": 3,
      "type": "thrust"
     }
    ],
    "Planets": null,
    "Ships": [
     {
      "cooldown": 0,
      "docking": {
       "status": "undocked"
      },
      "health": 255,
      "id": 5,
      "owner": 1,
      "vel_x": 0.0,
      "vel_y": 0.0,
      "x": 189.22056308986694,
      "y": 120.24722202705303
     },
     {
      "cooldown": 0,
      "docking": {
       "status": "undocked"
      },
      "health": 255,
      "id": 4,
      "owner": 1,
      "vel_x": 0.0,
      "vel_y": 0.0,
      "x": 190.06474474265411,
      "y": 116.74287348881384
     },
     {
      "cooldown": 0,
      "docking": {
       "status": "undocked"
      },
      "health": 255,
      "id": 3,
      "owner": 1,
      "vel_x": 0.0,
      "vel_y": 0.0,
      "x": 189.6795142145578,
      "y": 118.44951385238139
     }
    ],
    "Time": 4,
    "Turn": 9
   },
   {
    "Commands": [
     {
      "angle": 174,
      "magnitude": 2,
      "owner": 1,
      "queue_number": 0,
      "shipId": 5,
      "type": "thrust"
     },
     {
      "angle": 161,
      "magnitude": 4,
      "owner": 1,
      "queue_number": 0,
      "shipId": 4,
      "type": "thrust"
     },
     {
      "angle": 167,
      "magnitude": 3,
      "owner": 1,
      "queue_number": 0,
      "shipId": 3,
      "type": "thrust"
     }
    ],
    "Planets": null,
    "Ships": [
     {
      "cooldown": 0,
      "docking": {
       "status": "undocked"
      },
      "health": 255,
      "id": 5,
      "owner": 1,
      "vel_x": 0.0,
      "vel_y": 0.0,
      "x": 187.23151929913038,
      "y": 120.45627895358834
     },
     {
      "cooldown": 0,
      "docking": {
       "status": "undocked"
      },
      "health": 255,
      "id": 4,
      "owner": 1,
      "vel_x": 0.0,
      "vel_y": 0.0,
      "x": 186.28267044025685,
      "y": 118.04514610664246
     },
     {
      "cooldown": 0,
      "docking": {
       "status": "undocked"
      },
      "health": 255,
      "id": 3,
      "owner": 1,
      "vel_x": 0.0,
      "vel_y": 0.0,
      "x": 186.7564040202021,
      "y": 119.12436701541299
     }
    ],
    "Time": 4,
    "Turn": 10
   },
   {
    "Commands": [
     {
      "owner": 1,
      "planet_id": 0,
      "queue_number": 0,
      "shipId": 5,
      "type": "dock"
     },
     {
      "owner": 1,
      "planet_id": 0,
      "queue_number": 0,
      "shipId": 4,
      "type": "dock"
     },
     {
      "owner": 1,
      "planet_id": 0,
      "queue_number": 0,
      "shipId": 3,
      "type": "dock"
     }
    ],
    "Planets": [
     {
      "current_production": 0,
      "docked_ships": [
       5,
       4,
       3
      ],
      "health": 1553,
      "id": 0,
      "owner": 1,
      "remaining_production": 877
     }
    ],
    "Ships": [
     {
      "cooldown": 0,
      "docking": {
       "planet_id": 0,
       "status": "docking",
       "turns_left": 5
      },
      "health": 255,
      "id": 5,
      "owner": 1,
      "vel_x": 0.0,
      "vel_y": 0.0,
      "x": 187.23151929913038,
      "y": 120.45627895358834
     },
     {
      "cooldown": 0,
      "docking": {
       "planet_id": 0,
       "status": "docking",
       "turns_left": 5
      },
      "health": 255,
      "id": 4,
      "owner": 1,
      "vel_x": 0.0,
      "vel_y": 0.0,
      "x": 186.28267044025685,
      "y": 118.04514610664246
     },
     {
      "cooldown": 0,
      "docking": {
       "planet_id": 0,
       "status": "docking",
       "turns_left": 5
      },
      "health": 255,
      "id": 3,
      "owner": 1,
      "vel_x": 0.0,
      "vel_y": 0.0,
      "x": 186.7564040202021,
      "y": 119.12436701541299
     }
    ],
    "Time": 2,
    "Turn": 11
   },
   {
    "Commands": [
     {
      "owner": 1,
      "planet_id": 0,
      "queue_number": 0,
      "shipId": 5,
      "type": "dock"
     },
     {
      "owner": 1,
      "planet_id": 0,
      "queue_number": 0,
      "shipId": 4,
      "type": "dock"
     },
     {
      "owner": 1,
      "planet_id": 0,
      "queue_number": 0,
      "shipId": 3,
      "type": "dock"
     }
    ],
    "Planets": [
     {
      "current_production": 0,
      "docked_ships": [
       5,
       4,
       3
      ],
      "health": 1553,
      "id": 0,
      "owner": 1,
      "remaining_production": 877
     }
    ],
    "Ships": [
     {
      "cooldown": 0,
      "docking": {
       "planet_id": 0,
       "status": "docking",
       "turns_left": 4
      },
      "health": 255,
      "id": 5,
      "owner": 1,
      "vel_x": 0.0,
      "vel_y": 0.0,
      "x": 187.23151929913038,
      "y": 120.45627895358834
     },
     {
      "cooldown": 0,
      "docking": {
       "planet_id": 0,
       "status": "docking",
       "turns_left": 4
      },
      "health": 255,
      "id": 4,
      "owner": 1,
      "vel_x": 0.0,
      "vel_y": 0.0,
      "x": 186.28267044025685,
      "y": 118.04514610664246
     },
     {
      "cooldown": 0,
      "docking": {
       "planet_id": 0,
       "status": "docking",
       "turns_left": 4
      },
      "health": 255,
      "id": 3,
      "owner": 1,
      "vel_x": 0.0,
      "vel_y": 0.0,
      "x": 186.7564040202021,
      "y": 119.12436701541299
     }
    ],
    "Time": 2,
    "Turn": 12
   },
   {
    "Commands": [
     {
      "owner": 1,
      "planet_id": 0,
      "queue_number": 0,
      "shipId": 5,
      "type": "dock"
     },
     {
      "owner": 1,
      "planet_id": 0,
      "queue_number": 0,
      "shipId": 4,
      "type": "dock"
     },
     {
      "owner": 1,
      "planet_id": 0,
      "queue_number": 0,
      "shipId": 3,
      "type": "dock"
     }
    ],
    "Planets": [
     {
      "current_production": 0,
      "docked_ships": [
       5,
       4,
       3
      ],
      "health": 1553,
      "id": 0,
      "owner": 1,
      "remaining_production": 877
     }
    ],
    "Ships": [
     {
      "cooldown": 0,
      "docking": {
       "planet_id": 0,
       "status": "docking",
       "turns_left": 3
      },
      "health": 255,
      "id": 5,
      "owner": 1,
      "vel_x": 0.0,
      "vel_y": 0.0,
      "x": 187.23151929913038,
      "y": 120.45627895358834
     },
     {
      "cooldown": 0,
      "docking": {
       "planet_id": 0,
       "status": "docking",
       "turns_left": 3
      },
      "health": 255,
      "id": 4,
      "owner": 1,
      "vel_x": 0.0,
      "vel_y": 0.0,
      "x": 186.28267044025685,
      "y": 118.04514610664246
     },
     {
      "cooldown": 0,
      "docking": {
       "planet_id": 0,
       "status": "docking",
       "turns_left": 3
      },
      "health": 255,
      "id": 3,
      "owner": 1,
      "vel_x": 0.0,
      "vel_y": 0.0,
      "x": 186.7564040202021,
      "y": 119.12436701541299
     }
    ],
    "Time": 2,
    "Turn": 13
   },
   {
    "Commands": [
     {
      "owner": 1,
      "planet_id": 0,
      "queue_number": 0,
      "shipId": 5,
      "type": "dock"
     },
     {
      "owner": 1,
      "planet_id": 0,
      "queue_number": 0,
      "shipId": 4,
      "type": "dock"
     },
     {
      "owner": 1,
      "planet_id": 0,
      "queue_number": 0,
      "shipId": 3,
      "type": "dock"
     }
    ],
    "Planets": [
     {
      "current_production": 0,
      "docked_ships": [
       5,
       4,
       3
      ],
      "health": 1553,
      "id": 0,
      "owner": 1,
      "remaining_production": 877
     }
    ],
    "Ships": [
     {
      "cooldown": 0,
      "docking": {
       "planet_id": 0,
       "status": "docking",
       "turns_left": 2
      },
      "health": 255,
      "id": 5,
      "owner": 1,
      "vel_x": 0.0,
      "vel_y": 0.0,
      "x": 187.23151929913038,
      "y": 120.45627895358834
     },
     {
      "cooldown": 0,
      "docking": {
       "planet_id": 0,
       "status": "docking",
       "turns_left": 2
      },
      "health": 255,
      "id": 4,
      "owner": 1,
      "vel_x": 0.0,
      "vel_y": 0.0,
      "x": 186.28267044025685,
      "y": 118.04514610664246
     },
     {
      "cooldown": 0,
      "docking": {
       "planet_id": 0,
       "status": "docking",
       "turns_left": 2
      },
      "health": 255,
      "id": 3,
      "owner": 1,
      "vel_x": 0.0,
      "vel_y": 0.0,
      "x": 186.7564040202021,
      "y": 119.12436701541299
     }
    ],
    "Time": 2,
    "Turn": 14
   },
   {
    "Commands": [
     {
      "owner": 1,
      "planet_id": 0,
      "queue_number": 0,
      "shipId": 5,
      "type": "dock"
     },
     {
      "owner": 1,
      "planet_id": 0,
      "queue_number": 0,
      "shipId": 4,
      "type": "dock"
     },
     {
      "owner": 1,
      "planet_id": 0,
      "queue_number": 0,
      "shipId": 3,
      "type": "dock"
     }
    ],
    "Planets": [
     {
      "current_production": 0,
      "docked_ships": [
       5,
       4,
       3
      ],
      "health": 1553,
      "id": 0,
      "owner": 1,
      "remaining_production": 877
     }
    ],
    "Ships": [
     {
      "cooldown": 0,
      "docking": {
       "planet_id": 0,
       "status": "docking",
       "turns_left": 1
      },
      "health": 255,
      "id": 5,
      "owner": 1,
      "vel_x": 0.0,
      "vel_y": 0.0,
      "x": 187.23151929913038,
      "y": 120.45627895358834
     },
     {
      "cooldown": 0,
      "docking": {
       "planet_id": 0,
       "status": "docking",
       "turns_left": 1
      },
      "health": 255,
      "id": 4,
      "owner": 1,
      "vel_x": 0.0,
      "vel_y": 0.0,
      "x": 186.28267044025685,
      "y": 118.04514610664246
     },
     {
      "cooldown": 0,
      "docking": {
       "planet_id": 0,
       "status": "docking",
       "turns_left": 1
      },
      "health": 255,
      "id": 3,
      "owner": 1,
      "vel_x": 0.0,
      "vel_y": 0.0,
      "x": 186.7564040202021,
      "y": 119.12436701541299
     }
    ],
    "Time": 2,
    "Turn": 15
   },
   {
    "Commands": [
     {
      "owner": 1,
      "planet_id": 0,
      "queue_number": 0,
      "shipId": 5,
      "type": "dock"
     },
     {
      "owner": 1,
      "planet_id": 0,
      "queue_number": 0,
      "shipId": 4,
      "type": "dock"
     },
     {
      "owner": 1,
      "planet_id": 0,
      "queue_number": 0,
      "shipId": 3,
      "type": "dock"
     }
    ],
    "Planets": [
     {
      "current_production": 18,
      "docked_ships": [
       5,
       4,
       3
      ],
      "health": 1553,
      "id": 0,
      "owner": 1,
      "remaining_production": 877
     }
    ],
    "Ships": [
     {
      "cooldown": 0,
      "docking": {
       "planet_id": 0,
       "status": "docked"
      },
      "health": 255,
      "id": 5,
      "owner": 1,
      "vel_x": 0.0,
      "vel_y": 0.0,
      "x": 187.23151929913038,
      "y": 120.45627895358834
     },
     {
      "cooldown": 0,
      "docking": {
       "planet_id": 0,
       "status": "docked"
      },
      "health": 255,
      "id": 4,
      "owner": 1,
      "vel_x": 0.0,
      "vel_y": 0.0,
      "x": 186.28267044025685,
      "y": 118.04514610664246
     },
     {
      "cooldown": 0,
      "docking": {
       "planet_id": 0,
       "status": "docked"
      },
      "health": 255,
      "id": 3,
      "owner": 1,
      "vel_x": 0.0,
      "vel_y": 0.0,
      "x": 186.7564040202021,
      "y": 119.12436701541299
     }
    ],
    "Time": 2,
    "Turn": 16
   },
   {
    "Commands": [
     {
      "owner": 1,
      "planet_id": 0,
      "queue_number": 0,
      "shipId": 5,
      "type": "dock"
     },
     {
      "owner": 1,
      "planet_id": 0,
      "queue_number": 0,
      "shipId": 4,
      "type": "dock"
     },
     {
      "owner": 1,
      "planet_id": 0,
      "queue_number": 0,
      "shipId": 3,
      "type": "dock"
     }
    ],
    "Planets": [
     {
      "current_production": 36,
      "docked_ships": [
       5,
       4,
       3
      ],
      "health": 1553,
      "id": 0,
      "owner": 1,
      "remaining_production": 877
     }
    ],
    "Ships": [
     {
      "cooldown": 0,
      "docking": {
       "planet_id": 0,
       "status": "docked"
      },
      "health": 255,
      "id": 5,
      "owner": 1,
      "vel_x": 0.0,
      "vel_y": 0.0,
      "x": 187.23151929913038,
      "y": 120.45627895358834
     },
     {
      "cooldown": 0,
      "docking": {
       "planet_id": 0,
       "status": "docked"
      },
      "health": 255,
      "id": 4,
      "owner": 1,
      "vel_x": 0.0,
      "vel_y": 0.0,
      "x": 186.28267044025685,
      "y": 118.04514610664246
     },
     {
      "cooldown": 0,
      "docking": {
       "planet_id": 0,
       "status": "docked"
      },
      "health": 255,
      "id": 3,
      "owner": 1,
      "vel_x": 0.0,
      "vel_y": 0.0,
      "x": 186.7564040202021,
      "y": 119.12436701541299
     }
    ],
    "Time": 2,
    "Turn": 17
   },
   {
    "Commands": [
     {
      "owner": 1,
      "planet_id": 0,
      "queue_number": 0,
      "shipId": 5,
      "type": "dock"
     },
     {
      "owner": 1,
      "planet_id": 0,
      "queue_number": 0,
      "shipId": 4,
      "type": "dock"
     },
     {
      "owner": 1,
      "planet_id": 0,
      "queue_number": 0,
      "shipId": 3,
      "type": "dock"
     }
    ],
    "Planets": [
     {
      "current_production": 54,
      "docked_ships": [
       5,
       4,
       3
      ],
      "health": 1553,
      "id": 0,
      "owner": 1,
      "remaining_production": 877
     }
    ],
    "Ships": [
     {
      "cooldown": 0,
      "docking": {
       "planet_id": 0,
       "status": "docked"
      },
      "health": 255,
      "id": 5,
      "owner": 1,
      "vel_x": 0.0,
      "vel_y": 0.0,
      "x": 187.23151929913038,
      "y": 120.45627895358834
     },
     {
      "cooldown": 0,
      "docking": {
       "planet_id": 0,
       "status": "docked"
      },
      "health": 255,
      "id": 4,
      "owner": 1,
      "vel_x": 0.0,
      "vel_y": 0.0,
      "x": 186.28267044025685,
      "y": 118.04514610664246
     },
     {
      "cooldown": 0,
      "docking": {
       "planet_id": 0,
       "status": "docked"
      },
      "health": 255,
      "id": 3,
      "owner": 1,
      "vel_x": 0.0,
      "vel_y": 0.0,
      "x": 186.7564040202021,
      "y": 119.12436701541299
     }
    ],
    "Time": 3,
    "Turn": 18
   },
   {
    "Commands": [
     {
      "owner": 1,
      "planet_id": 0,
      "queue_number": 0,
      "shipId": 5,
      "type": "dock"
     },
     {
      "owner": 1,
      "planet_id": 0,
      "queue_number": 0,
      "shipId": 4,
      "type": "dock"
     },
     {
      "owner": 1,
      "planet_id": 0,
      "queue_number": 0,
      "shipId": 3,
      "type": "dock"
     }
    ],
    "Planets": [
     {
      "current_production": 0,
      "docked_ships": [
       5,
       4,
       3
      ],
      "health": 1553,
      "id": 0,
      "owner": 1,
      "remaining_production": 877
     }
    ],
    "Ships": [
     {
      "cooldown": 0,
      "docking": {
       "status": "undocked"
      },
      "health": 255,
      "id": 7,
      "owner": 1,
      "vel_x": 0.0,
      "vel_y": 0.0,
      "x": 171.01534959551068,
      "y": 115.01534959551068
     },
     {
      "cooldown": 0,
      "docking": {
       "planet_id": 0,
       "status": "docked"
      },
      "health": 255,
      "id": 5,
      "owner": 1,
      "vel_x": 0.0,
      "vel_y": 0.0,
      "x": 187.23151929913038,
      "y": 120.45627895358834
     },
     {
      "cooldown": 0,
      "docking": {
       "planet_id": 0,
       "status": "docked"
      },
      "health": 255,
      "id": 4,
      "owner": 1,
      "vel_x": 0.0,
      "vel_y": 0.0,
      "x": 186.28267044025685,
      "y": 118.04514610664246
     },
     {
      "cooldown": 0,
      "docking": {
       "planet_id": 0,
       "status": "docked"
      },
      "health": 255,
      "id": 3,
      "owner": 1,
      "vel_x": 0.0,
      "vel_y": 0.0,
      "x": 186.7564040202021,
      "y": 119.12436701541299
     }
    ],
    "Time": 2,
    "Turn": 19
   },
   {
    "Commands": [
     {
      "angle": 126,
      "magnitude": 7,
      "owner": 1,
      "queue_number": 0,
      "shipId": 7,
      "type": "thrust"
     }
    ],
    "Planets": [
     {
      "current_production": 18,
      "docked_ships": [
       5,
       4,
       3
      ],
      "health": 1553,
      "id": 0,
      "owner": 1,
      "remaining_production": 877
     }
    ],
    "Ships": [
     {
      "cooldown": 0,
      "docking": {
       "status": "undocked"
      },
      "health": 255,
      "id": 7,
      "owner": 1,
      "vel_x": 0.0,
      "vel_y": 0.0,
      "x": 166.90085282946336,
      "y": 120.67846855613531
     },
     {
      "cooldown": 0,
      "docking": {
       "planet_id": 0,
       "status": "docked"
      },
      "health": 255,
      "id": 5,
      "owner": 1,
      "vel_x": 0.0,
      "vel_y": 0.0,
      "x": 187.23151929913038,
      "y": 120.45627895358834
     },
     {
      "cooldown": 0,
      "docking": {
       "planet_id": 0,
       "status": "docked"
      },
      "health": 255,
      "id": 4,
      "owner": 1,
      "vel_x": 0.0,
      "vel_y": 0.0,
      "x": 186.28267044025685,
      "y": 118.04514610664246
     },
     {
      "cooldown": 0,
      "docking": {
       "planet_id": 0,
       "status": "docked"
      },
      "health": 255,
      "id": 3,
      "owner": 1,
      "vel_x": 0.0,
      "vel_y": 0.0,
      "x": 186.7564040202021,
      "y": 119.12436701541299
     }
    ],
    "Time": 1,
    "Turn": 20
   },
   {
    "Commands": [
     {
      "angle": 108,
      "magnitude": 7,
      "owner": 1,
      "queue_number": 0,
      "shipId": 7,
      "type": "thrust"
     }
    ],
    "Planets": [
     {
      "current_production": 36,
      "docked_ships": [
       5,
       4,
       3
      ],
      "health": 1553,
      "id": 0,
      "owner": 1,
      "remaining_production": 877
     }
    ],
    "Ships": [
     {
      "cooldown": 0,
      "docking": {
       "status": "undocked"
      },
      "health": 255,
      "id": 7,
      "owner": 1,
      "vel_x": 0.0,
      "vel_y": 0.0,
      "x": 164.73773386883875,
      "y": 127.33586417020139
     },
     {
      "cooldown": 0,
      "docking": {
       "planet_id": 0,
       "status": "docked"
      },
      "health": 255,
      "id": 5,
      "owner": 1,
      "vel_x": 0.0,
      "vel_y": 0.0,
      "x": 187.23151929913038,
      "y": 120.45627895358834
     },
     {
      "cooldown": 0,
      "docking": {
       "planet_id": 0,
       "status": "docked"
      },
      "health": 255,
      "id": 4,
      "owner": 1,
      "vel_x": 0.0,
      "vel_y": 0.0,
      "x": 186.28267044025685,
      "y": 118.04514610664246
     },
     {
      "cooldown": 0,
      "docking": {
       "planet_id": 0,
       "status": "docked"
      },
      "health": 255,
      "id": 3,
      "owner": 1,
      "vel_x": 0.0,
      "vel_y": 0.0,
      "x": 186.7564040202021,
      "y": 119.12436701541299
     }
    ],
    "Time": 1,
    "Turn": 21
   },
   {
    "Commands": [
     {
      "angle": 129,
      "magnitude": 7,
      "owner": 1,
      "queue_number": 0,
      "shipId": 7,
      "type": "thrust"
     }
    ],
    "Planets": [
     {
      "current_production": 54,
      "docked_ships": [
       5,
       4,
       3
      ],
      "health": 1553,
      "id": 0,
      "owner": 1,
      "remaining_production": 877
     }
    ],
    "Ships": [
     {
      "cooldown": 0,
      "docking": {
       "status": "undocked"
      },
      "health": 255,
      "id": 7,
      "owner": 1,
      "vel_x": 0.0,
      "vel_y": 0.0,
      "x": 160.33249113148989,
      "y": 132.77588590040017
     },
     {
      "cooldown": 0,
      "docking": {
       "planet_id": 0,
       "status": "docked"
      },
      "health": 255,
      "id": 5,
      "owner": 1,
      "vel_x": 0.0,
      "vel_y": 0.0,
      "x": 187.23151929913038,
      "y": 120.45627895358834
     },
     {
      "cooldown": 0,
      "docking": {
       "planet_id": 0,
       "status": "docked"
      },
      "health": 255,
      "id": 4,
      "owner": 1,
      "vel_x": 0.0,
      "vel_y": 0.0,
      "x": 186.28267044025685,
      "y": 118.04514610664246
     },
     {
      "cooldown": 0,
      "docking": {
       "planet_id": 0,
       "status": "docked"
      },
      "health": 255,
      "id": 3,
      "owner": 1,
      "vel_x": 0.0,
      "vel_y": 0.0,
      "x": 186.7564040202021,
      "y": 119.12436701541299
     }
    ],
    "Time": 1,
    "Turn": 22
   },
   {
    "Commands": [
     {
      "angle": 128,
      "magnitude": 7,
      "owner": 1,
      "queue_number": 0,
      "shipId": 7,
      "type": "thrust"
     }
    ],
    "Planets": [
     {
      "current_production": 0,
      "docked_ships": [
       5,
       4,
       3
      ],
      "health": 1553,
      "id": 0,
      "owner": 1,
      "remaining_production": 877
     }
    ],
    "Ships": [
     {
      "cooldown": 0,
      "docking": {
       "status": "undocked"
      },
      "health": 255,
      "id": 9,
      "owner": 1,
      "vel_x": 0.0,
      "vel_y": 0.0,
      "x": 171.01534959551068,
      "y": 115.01534959551068
     },
     {
      "cooldown": 0,
      "docking": {
       "planet_id": 0,
       "status": "docked"
      },
      "health": 255,
      "id": 3,
      "owner": 1,
      "vel_x": 0.0,
      "vel_y": 0.0,
      "x": 186.7564040202021,
      "y": 119.12436701541299
     },
     {
      "cooldown": 0,
      "docking": {
       "planet_id": 0,
       "status": "docked"
      },
      "health": 255,
      "id": 4,
      "owner": 1,
      "vel_x": 0.0,
      "vel_y": 0.0,
      "x": 186.28267044025685,
      "y": 118.04514610664246
     },
     {
      "cooldown": 0,
      "docking": {
       "planet_id": 0,
       "status": "docked"
      },
      "health": 255,
      "id": 5,
      "owner": 1,
      "vel_x": 0.0,
      "vel_y": 0.0,
      "x": 187.23151929913038,
      "y": 120.45627895358834
     },
     {
      "cooldown": 0,
      "docking": {
       "status": "undocked"
      },
      "health": 255,
      "id": 7,
      "owner": 1,
      "vel_x": 0.0,
      "vel_y": 0.0,
      "x": 156.02286080421027,
      "y": 138.29196117564723
     }
    ],
    "Time": 1,
    "Turn": 23
   },
   {
    "Commands": [
     {
      "angle": 153,
      "magnitude": 4,
      "owner": 1,
      "queue_number": 0,
      "shipId": 9,
      "type": "thrust"
     },
     {
      "angle": 131,
      "magnitude": 7,
      "owner": 1,
      "queue_number": 0,
      "shipId": 7,
      "type": "thrust"
     }
    ],
    "Planets": [
     {
      "current_production": 18,
      "docked_ships": [
       5,
       4,
       3
      ],
      "health": 1553,
      "id": 0,
      "owner": 1,
      "remaining_production": 877
     }
    ],
    "Ships": [
     {
      "cooldown": 0,
      "docking": {
       "status": "undocked"
      },
      "health": 255,
      "id": 9,
      "owner": 1,
      "vel_x": 0.0,
      "vel_y": 0.0,
      "x": 167.4513234987572,
      "y": 116.83131159446887
     },
     {
      "cooldown": 0,
      "docking": {
       "planet_id": 0,
       "status": "docked"
      },
      "health": 255,
      "id": 3,
      "owner": 1,
      "vel_x": 0.0,
      "vel_y": 0.0,
      "x": 186.7564040202021,
      "y": 119.12436701541299
     },
     {
      "cooldown": 0,
      "docking": {
       "planet_id": 0,
       "status": "docked"
      },
      "health": 255,
      "id": 4,
      "owner": 1,
      "vel_x": 0.0,
      "vel_y": 0.0,
      "x": 186.28267044025685,
      "y": 118.04514610664246
     },
     {
      "cooldown": 0,
      "docking": {
       "planet_id": 0,
       "status": "docked"
      },
      "health": 255,
      "id": 5,
      "owner": 1,
      "vel_x": 0.0,
      "vel_y": 0.0,
      "x": 187.23151929913038,
      "y": 120.45627895358834
     },
     {
      "cooldown": 0,
      "docking": {
       "status": "undocked"
      },
      "health": 255,
      "id": 7,
      "owner": 1,
      "vel_x": 0.0,
      "vel_y": 0.0,
      "x": 151.43044760127671,
      "y": 143.57492823720665
     }
    ],
    "Time": 1,
    "Turn": 24
   }
  ],
  "PlayerID": 1,
  "PlayerName": "nwtnni"
 }
]
