[
 {
  "Error": {
   "Message": "ERRORED! Got Exception (if any): ERROR: Bot #0: Received invalid character 'thread 'main' panicked at 'no entry found for key', /checkout/src/libcore/option.rs:819:4h'. (at character 2.)\nInput received from bot:\nthread 'main' panicked at 'no entry found for key', /checkout/src/libcore/option.rs:819:4\n ^; Response received (if any): thread 'main' panicked at 'no entry found for key', /checkout/src/libcore/option.rs:819:4note: Run with `RUST_BACKTRACE=1` for a backtrace.",
   "Turn": 1
  },
  "Frames": [
   {
    "Time": 3,
    "Turn": 0
   },
   {
    "Time": 16
   }
  ],
  "PlayerID": 0,
  "PlayerName": "nwtnni"
 },
 {
  "Error": {},
  "Frames": [
   {
    "Time": 4,
    "Turn": 0
   },
   {
    "Commands": [
     {
      "angle": 175,
      "magnitude": 7,
      "owner": 1,
      "queue_number": 0,
      "shipId": 5,
      "type": "thrust"
     },
     {
      "angle": 65,
      "magnitude": 7,
      "owner": 1,
      "queue_number": 0,
      "shipId": 4,
      "type": "thrust"
     },
     {
      "angle": 172,
      "magnitude": 7,
      "owner": 1,
      "queue_number": 0,
      "shipId": 3,
      "type": "thrust"
     }
    ],
    "Planets": null,
    "Ships": [
     {
      "cooldown": 0,
      "docking": {
       "status": "undocked"
      },
      "health": 255,
      "id": 5,
      "owner": 1,
      "vel_x": 0.0,
      "vel_y": 0.0,
      "x": 191.02663711335779,
      "y": 91.610090199233611
     },
     {
      "cooldown": 0,
      "docking": {
       "status": "undocked"
      },
      "health": 255,
      "id": 4,
      "owner": 1,
      "vel_x": 0.0,
      "vel_y": 0.0,
      "x": 200.95832783218489,
      "y": 91.344154509256555
     },
     {
      "cooldown": 0,
      "docking": {
       "status": "undocked"
      },
      "health": 255,
      "id": 3,
      "owner": 1,
      "vel_x": 0.0,
      "vel_y": 0.0,
      "x": 191.06812351880902,
      "y": 88.974211706720453
     }
    ],
    "Time": 5,
    "Turn": 1
   }
  ],
  "PlayerID": 1,
  "PlayerName": "nwtnni"
 }
]
